<?xml version="1.0" encoding="UTF-8"?>
<testng-results skipped="0" failed="0" ignored="0" total="6" passed="6">
  <reporter-output>
  </reporter-output>
  <suite name="Default suite" duration-ms="18545" started-at="2019-01-28T18:00:24Z" finished-at="2019-01-28T18:00:43Z">
    <groups>
    </groups>
    <test name="Default test" duration-ms="18545" started-at="2019-01-28T18:00:24Z" finished-at="2019-01-28T18:00:43Z">
      <class name="datadrivenpractice.orangehrm.testcases.AddEducationLevel">
        <test-method status="PASS" signature="setup()[pri:0, instance:datadrivenpractice.orangehrm.testcases.AddEducationLevel@42a311]" name="setup" is-config="true" duration-ms="7176" started-at="2019-01-28T18:00:24Z" finished-at="2019-01-28T18:00:31Z">
          <reporter-output>
          </reporter-output>
        </test-method> <!-- setup -->
        <test-method status="PASS" signature="loginPageTitleTest()[pri:1, instance:datadrivenpractice.orangehrm.testcases.AddEducationLevel@42a311]" name="loginPageTitleTest" duration-ms="13" started-at="2019-01-28T18:00:31Z" finished-at="2019-01-28T18:00:31Z">
          <reporter-output>
          </reporter-output>
        </test-method> <!-- loginPageTitleTest -->
        <test-method status="PASS" signature="loginflowTest()[pri:2, instance:datadrivenpractice.orangehrm.testcases.AddEducationLevel@42a311]" name="loginflowTest" duration-ms="2316" started-at="2019-01-28T18:00:31Z" finished-at="2019-01-28T18:00:34Z">
          <reporter-output>
          </reporter-output>
        </test-method> <!-- loginflowTest -->
        <test-method status="PASS" signature="NavigateToEducationPage()[pri:3, instance:datadrivenpractice.orangehrm.testcases.AddEducationLevel@42a311]" name="NavigateToEducationPage" duration-ms="2428" started-at="2019-01-28T18:00:34Z" finished-at="2019-01-28T18:00:36Z">
          <reporter-output>
          </reporter-output>
        </test-method> <!-- NavigateToEducationPage -->
        <test-method status="PASS" signature="AddEducationDetails(java.lang.String)[pri:4, instance:datadrivenpractice.orangehrm.testcases.AddEducationLevel@42a311]" name="AddEducationDetails" duration-ms="1920" started-at="2019-01-28T18:00:37Z" data-provider="EducationLevelsData" finished-at="2019-01-28T18:00:38Z">
          <params>
            <param index="0">
              <value>
                <![CDATA[Level1]]>
              </value>
            </param>
          </params>
          <reporter-output>
          </reporter-output>
        </test-method> <!-- AddEducationDetails -->
        <test-method status="PASS" signature="AddEducationDetails(java.lang.String)[pri:4, instance:datadrivenpractice.orangehrm.testcases.AddEducationLevel@42a311]" name="AddEducationDetails" duration-ms="1585" started-at="2019-01-28T18:00:38Z" data-provider="EducationLevelsData" finished-at="2019-01-28T18:00:40Z">
          <params>
            <param index="0">
              <value>
                <![CDATA[Level2]]>
              </value>
            </param>
          </params>
          <reporter-output>
          </reporter-output>
        </test-method> <!-- AddEducationDetails -->
        <test-method status="PASS" signature="AddEducationDetails(java.lang.String)[pri:4, instance:datadrivenpractice.orangehrm.testcases.AddEducationLevel@42a311]" name="AddEducationDetails" duration-ms="2507" started-at="2019-01-28T18:00:40Z" data-provider="EducationLevelsData" finished-at="2019-01-28T18:00:43Z">
          <params>
            <param index="0">
              <value>
                <![CDATA[Level3]]>
              </value>
            </param>
          </params>
          <reporter-output>
          </reporter-output>
        </test-method> <!-- AddEducationDetails -->
        <test-method status="PASS" signature="closeLogs()[pri:0, instance:datadrivenpractice.orangehrm.testcases.AddEducationLevel@42a311]" name="closeLogs" is-config="true" duration-ms="0" started-at="2019-01-28T18:00:43Z" finished-at="2019-01-28T18:00:43Z">
          <reporter-output>
          </reporter-output>
        </test-method> <!-- closeLogs -->
      </class> <!-- datadrivenpractice.orangehrm.testcases.AddEducationLevel -->
    </test> <!-- Default test -->
  </suite> <!-- Default suite -->
</testng-results>
